{"level":"error","message":"Hello, Winston logger, the first error!"}
{"level":"warn","message":"Hello, Winston logger, the first warning!"}
{"level":"warn","message":"Hello, Winston logger, the second warning!"}
{"level":"error","message":"Hello, Winston logger, the second error!"}
{"level":"info","message":"Hello, Winston logger, some info!"}
{"level":"debug","message":"Hello, Winston logger, a debug!"}
{"level":"error","message":"Hello, Winston logger, the first error!"}
{"level":"warn","message":"Hello, Winston logger, the first warning!"}
{"level":"warn","message":"Hello, Winston logger, the second warning!"}
{"level":"error","message":"Hello, Winston logger, the second error!"}
{"level":"info","message":"Hello, Winston logger, some info!"}
{"level":"debug","message":"Hello, Winston logger, a debug!"}
{"level":"error","message":"Hello, Winston logger, the first error!"}
{"level":"warn","message":"Hello, Winston logger, the first warning!"}
{"level":"warn","message":"Hello, Winston logger, the second warning!"}
{"level":"error","message":"Hello, Winston logger, the second error!"}
{"level":"info","message":"Hello, Winston logger, some info!"}
{"level":"debug","message":"Hello, Winston logger, a debug!"}
{"level":"error","message":"Hello, Winston logger, the first error!"}
{"level":"warn","message":"Hello, Winston logger, the first warning!"}
{"level":"warn","message":"Hello, Winston logger, the second warning!"}
{"level":"error","message":"Hello, Winston logger, the second error!"}
{"level":"info","message":"Hello, Winston logger, some info!"}
{"level":"debug","message":"Hello, Winston logger, a debug!"}
{"level":"error","message":"Hello, Winston logger, the first error!"}
{"level":"warn","message":"Hello, Winston logger, the first warning!"}
{"level":"warn","message":"Hello, Winston logger, the second warning!"}
{"level":"error","message":"Hello, Winston logger, the second error!"}
{"level":"info","message":"Hello, Winston logger, some info!"}
{"level":"debug","message":"Hello, Winston logger, a debug!"}
{"level":"error","message":"Hello, Winston logger, the first error!"}
{"level":"warn","message":"Hello, Winston logger, the first warning!"}
{"level":"warn","message":"Hello, Winston logger, the second warning!"}
{"level":"error","message":"Hello, Winston logger, the second error!"}
{"level":"info","message":"Hello, Winston logger, some info!"}
{"level":"debug","message":"Hello, Winston logger, a debug!"}
{"level":"error","message":"Hello, Winston logger, the first error!"}
{"level":"warn","message":"Hello, Winston logger, the first warning!"}
{"level":"warn","message":"Hello, Winston logger, the second warning!"}
{"level":"error","message":"Hello, Winston logger, the second error!"}
{"level":"info","message":"Hello, Winston logger, some info!"}
{"level":"debug","message":"Hello, Winston logger, a debug!"}
{"level":"error","message":"Hello, Winston logger, the first error!"}
{"level":"warn","message":"Hello, Winston logger, the first warning!"}
{"level":"warn","message":"Hello, Winston logger, the second warning!"}
{"level":"error","message":"Hello, Winston logger, the second error!"}
{"level":"info","message":"Hello, Winston logger, some info!"}
{"level":"debug","message":"Hello, Winston logger, a debug!"}
{"level":"error","message":"Hello, Winston logger, the first error!"}
{"level":"warn","message":"Hello, Winston logger, the first warning!"}
{"level":"warn","message":"Hello, Winston logger, the second warning!"}
{"level":"error","message":"Hello, Winston logger, the second error!"}
{"level":"info","message":"Hello, Winston logger, some info!"}
{"level":"debug","message":"Hello, Winston logger, a debug!"}
{"level":"error","message":"Hello, Winston logger, the first error!"}
{"level":"warn","message":"Hello, Winston logger, the first warning!"}
{"level":"warn","message":"Hello, Winston logger, the second warning!"}
{"level":"error","message":"Hello, Winston logger, the second error!"}
{"level":"info","message":"Hello, Winston logger, some info!"}
{"level":"debug","message":"Hello, Winston logger, a debug!"}
{"level":"error","message":"Hello, Winston logger, the first error!"}
{"level":"warn","message":"Hello, Winston logger, the first warning!"}
{"level":"warn","message":"Hello, Winston logger, the second warning!"}
{"level":"error","message":"Hello, Winston logger, the second error!"}
{"level":"info","message":"Hello, Winston logger, some info!"}
{"level":"debug","message":"Hello, Winston logger, a debug!"}
{"level":"error","message":"Hello, Winston logger, the first error!"}
{"level":"warn","message":"Hello, Winston logger, the first warning!"}
{"level":"warn","message":"Hello, Winston logger, the second warning!"}
{"level":"error","message":"Hello, Winston logger, the second error!"}
{"level":"info","message":"Hello, Winston logger, some info!"}
{"level":"debug","message":"Hello, Winston logger, a debug!"}
{"level":"error","message":"Hello, Winston logger, the first error!"}
{"level":"warn","message":"Hello, Winston logger, the first warning!"}
{"level":"warn","message":"Hello, Winston logger, the second warning!"}
{"level":"error","message":"Hello, Winston logger, the second error!"}
{"level":"info","message":"Hello, Winston logger, some info!"}
{"level":"debug","message":"Hello, Winston logger, a debug!"}
{"level":"error","message":"Hello, Winston logger, the first error!"}
{"level":"warn","message":"Hello, Winston logger, the first warning!"}
{"level":"warn","message":"Hello, Winston logger, the second warning!"}
{"level":"error","message":"Hello, Winston logger, the second error!"}
{"level":"info","message":"Hello, Winston logger, some info!"}
{"level":"debug","message":"Hello, Winston logger, a debug!"}
