info: Apr-18-2022 16:12:24: 	Server Sent A Hello World!
info: Apr-18-2022 17:17:47: 	Server Sent A Hello World!
info: Apr-18-2022 17:21:22: 	Server Sent A Hello World!
info: Apr-18-2022 17:24:28: 	Server Sent A Hello World!
info: Apr-18-2022 17:34:15: 	[object Object]
info: Apr-18-2022 17:42:53: 	connection successful
info: Apr-18-2022 17:43:19: 	connection successful
info: Apr-18-2022 17:43:30: 	connection successful
info: Apr-18-2022 17:45:05: 	connection is live at port no. 3000
info: Apr-18-2022 17:45:05: 	connection successful
info: Apr-18-2022 17:45:26: 	connection is live at port no. 3000
info: Apr-18-2022 17:45:26: 	connection successful
info: Apr-19-2022 10:02:37: 	connection is live at port no. 3000
info: Apr-19-2022 10:02:37: 	connection successful
info: Apr-19-2022 10:03:43: 	connection is live at port no. 3000
info: Apr-19-2022 10:03:43: 	connection successful
info: Apr-19-2022 10:08:41: 	connection is live at port no. 3000
info: Apr-19-2022 10:08:41: 	connection successful
info: Apr-19-2022 10:15:18: 	connection is live at port no. 3000
info: Apr-19-2022 10:15:18: 	connection successful
info: Apr-19-2022 10:19:23: 	Server Sent A Hello World!
info: Apr-19-2022 10:31:43: 	connection is live at port no. 3000
info: Apr-19-2022 10:31:43: 	connection successful
info: Apr-19-2022 10:31:45: 	connection is live at port no. 3000
info: Apr-19-2022 10:31:45: 	connection successful
info: Apr-19-2022 10:33:05: 	connection is live at port no. 3000
info: Apr-19-2022 10:33:05: 	connection successful
info: Apr-19-2022 10:35:57: 	connection is live at port no. 3000
info: Apr-19-2022 10:35:57: 	connection successful
info: Apr-20-2022 21:24:21: 	connection is live at port no. 3000
info: Apr-20-2022 21:24:21: 	connection successful
info: Apr-20-2022 22:18:01: 	connection is live at port no. 3000
info: Apr-20-2022 22:18:01: 	connection successful
info: Apr-21-2022 12:34:59: 	connection is live at port no. 5000
info: Apr-21-2022 12:34:59: 	connection successful
info: Apr-21-2022 13:28:09: 	connection is live at port no. 5000
info: Apr-21-2022 13:28:09: 	connection successful
info: Apr-21-2022 16:28:40: 	connection is live at port no. 5000
info: Apr-21-2022 16:28:40: 	connection successful
info: Apr-21-2022 16:28:45: 	connection is live at port no. 5000
info: Apr-21-2022 16:28:45: 	connection successful
info: Apr-21-2022 16:28:56: 	Internal Server Error
info: Apr-21-2022 16:31:18: 	connection is live at port no. 5000
info: Apr-21-2022 16:31:18: 	connection successful
info: Apr-21-2022 16:31:22: 	connection is live at port no. 5000
info: Apr-21-2022 16:31:22: 	connection successful
info: Apr-21-2022 16:31:24: 	connection is live at port no. 5000
info: Apr-21-2022 16:31:24: 	connection successful
info: Apr-21-2022 16:31:29: 	connection is live at port no. 5000
info: Apr-21-2022 16:31:29: 	connection successful
info: Apr-21-2022 16:31:50: 	Internal Server Error
info: Apr-21-2022 16:32:47: 	connection is live at port no. 5000
info: Apr-21-2022 16:32:47: 	connection successful
info: Apr-21-2022 16:32:50: 	Internal Server ErrorMongoServerError: db already exists with different case already have: [bookstore] trying to create [BookStore]
info: Apr-21-2022 16:33:20: 	Internal Server ErrorMongoServerError: db already exists with different case already have: [bookstore] trying to create [BookStore]
info: Apr-21-2022 16:33:36: 	connection is live at port no. 5000
info: Apr-21-2022 16:33:36: 	connection successful
info: Apr-21-2022 16:36:16: 	Internal Server Error MongoServerError: db already exists with different case already have: [bookstore] trying to create [BookStore]
info: Apr-21-2022 16:59:15: 	connection is live at port no. 5000
info: Apr-21-2022 16:59:15: 	connection successful
info: Apr-21-2022 17:26:33: 	connection is live at port no. 5000
info: Apr-21-2022 17:26:33: 	connection successful
info: Apr-21-2022 17:28:20: 	connection is live at port no. 5000
info: Apr-21-2022 17:28:20: 	connection successful
info: Apr-21-2022 17:28:22: 	connection is live at port no. 5000
info: Apr-21-2022 17:28:22: 	connection successful
info: Apr-21-2022 17:28:36: 	connection is live at port no. 5000
info: Apr-21-2022 17:28:36: 	connection successful
info: Apr-21-2022 17:28:45: 	connection is live at port no. 5000
info: Apr-21-2022 17:28:45: 	connection successful
info: Apr-21-2022 17:28:46: 	connection is live at port no. 5000
info: Apr-21-2022 17:28:46: 	connection successful
info: Apr-21-2022 17:29:04: 	connection is live at port no. 5000
info: Apr-21-2022 17:29:04: 	connection successful
info: Apr-21-2022 17:29:09: 	connection is live at port no. 5000
info: Apr-21-2022 17:29:10: 	connection successful
info: Apr-21-2022 17:30:07: 	connection is live at port no. 5000
info: Apr-21-2022 17:30:07: 	connection successful
info: Apr-22-2022 07:54:01: 	connection is live at port no. 5000
info: Apr-22-2022 07:54:01: 	connection successful
info: Apr-22-2022 07:54:58: 	Internal Server Error Error: data and salt arguments required
info: Apr-22-2022 08:02:02: 	connection is live at port no. 5000
info: Apr-22-2022 08:02:02: 	connection successful
info: Apr-22-2022 08:07:03: 	connection is live at port no. 5000
info: Apr-22-2022 08:07:03: 	connection successful
info: Apr-22-2022 08:10:57: 	connection is live at port no. 5000
info: Apr-22-2022 08:10:57: 	connection successful
info: Apr-22-2022 08:11:06: 	connection is live at port no. 5000
info: Apr-22-2022 08:11:06: 	connection successful
info: Apr-22-2022 08:11:15: 	connection is live at port no. 5000
info: Apr-22-2022 08:11:16: 	connection successful
info: Apr-22-2022 08:11:34: 	connection is live at port no. 5000
info: Apr-22-2022 08:11:34: 	connection successful
info: Apr-22-2022 08:11:41: 	connection is live at port no. 5000
info: Apr-22-2022 08:11:41: 	connection successful
info: Apr-22-2022 08:11:57: 	connection is live at port no. 5000
info: Apr-22-2022 08:11:57: 	connection successful
info: Apr-22-2022 08:12:05: 	connection is live at port no. 5000
info: Apr-22-2022 08:12:05: 	connection successful
info: Apr-22-2022 08:12:12: 	connection is live at port no. 5000
info: Apr-22-2022 08:12:12: 	connection successful
info: Apr-22-2022 08:12:20: 	connection is live at port no. 5000
info: Apr-22-2022 08:12:20: 	connection successful
info: Apr-22-2022 08:12:27: 	connection is live at port no. 5000
info: Apr-22-2022 08:12:27: 	connection successful
info: Apr-22-2022 08:12:37: 	connection is live at port no. 5000
info: Apr-22-2022 08:12:37: 	connection successful
info: Apr-22-2022 10:52:42: 	connection is live at port no. 5000
info: Apr-22-2022 10:52:42: 	connection successful
info: Apr-22-2022 10:54:01: 	connection is live at port no. 5000
info: Apr-22-2022 10:54:01: 	connection successful
info: Apr-22-2022 11:22:57: 	connection is live at port no. 5000
info: Apr-22-2022 11:22:57: 	connection successful
info: Apr-22-2022 11:57:14: 	connection is live at port no. 5000
info: Apr-22-2022 11:57:15: 	connection successful
info: Apr-22-2022 11:59:44: 	connection is live at port no. 5000
info: Apr-22-2022 11:59:44: 	connection successful
info: Apr-22-2022 12:00:23: 	Internal Server Error Error: data and salt arguments required
info: Apr-22-2022 12:01:58: 	connection is live at port no. 5000
info: Apr-22-2022 12:01:58: 	connection successful
info: Apr-22-2022 12:02:01: 	Internal Server Error Error: data and salt arguments required
info: Apr-22-2022 12:02:03: 	Internal Server Error Error: data and salt arguments required
info: Apr-22-2022 12:02:38: 	Internal Server Error Error: data and salt arguments required
info: Apr-22-2022 12:06:30: 	Internal Server Error Error: data and salt arguments required
info: Apr-22-2022 12:07:39: 	Internal Server Error Error: data and salt arguments required
info: Apr-22-2022 13:11:53: 	connection is live at port no. 5000
info: Apr-22-2022 13:11:53: 	connection successful
info: Apr-22-2022 13:11:57: 	connection is live at port no. 5000
info: Apr-22-2022 13:11:57: 	connection successful
info: Apr-22-2022 13:12:15: 	connection is live at port no. 5000
info: Apr-22-2022 13:12:15: 	connection successful
info: Apr-22-2022 13:12:43: 	connection is live at port no. 5000
info: Apr-22-2022 13:12:43: 	connection successful
info: Apr-22-2022 13:12:49: 	connection is live at port no. 5000
info: Apr-22-2022 13:12:49: 	connection successful
info: Apr-22-2022 13:35:46: 	connection is live at port no. 5000
info: Apr-22-2022 13:35:46: 	connection successful
info: Apr-22-2022 15:12:51: 	password is invalid
info: Apr-22-2022 15:13:29: 	connection is live at port no. 5000
info: Apr-22-2022 15:13:29: 	connection successful
info: Apr-22-2022 15:15:18: 	connection is live at port no. 5000
info: Apr-22-2022 15:15:18: 	connection successful
info: Apr-22-2022 15:15:38: 	Internal Server Error TypeError: alert is not a function
info: Apr-22-2022 15:15:39: 	Internal Server Error TypeError: alert is not a function
info: Apr-22-2022 15:15:47: 	Internal Server Error TypeError: alert is not a function
info: Apr-22-2022 15:15:47: 	Internal Server Error TypeError: alert is not a function
info: Apr-22-2022 15:15:48: 	Internal Server Error TypeError: alert is not a function
info: Apr-22-2022 15:15:48: 	Internal Server Error TypeError: alert is not a function
info: Apr-22-2022 15:16:14: 	connection is live at port no. 5000
info: Apr-22-2022 15:16:14: 	connection successful
info: Apr-22-2022 15:16:27: 	connection is live at port no. 5000
info: Apr-22-2022 15:16:27: 	connection successful
info: Apr-22-2022 15:17:13: 	connection is live at port no. 5000
info: Apr-22-2022 15:17:13: 	connection successful
info: Apr-22-2022 15:17:33: 	connection is live at port no. 5000
info: Apr-22-2022 15:17:33: 	connection successful
info: Apr-22-2022 15:21:21: 	connection is live at port no. 5000
info: Apr-22-2022 15:21:21: 	connection successful
info: Apr-22-2022 16:23:54: 	connection is live at port no. 5000
info: Apr-22-2022 16:23:54: 	connection successful
info: Apr-22-2022 16:25:57: 	connection is live at port no. 5000
info: Apr-22-2022 16:25:57: 	connection successful
info: Apr-22-2022 16:26:09: 	connection is live at port no. 5000
info: Apr-22-2022 16:26:09: 	connection successful
info: Apr-22-2022 16:26:23: 	Internal Server Error
info: Apr-22-2022 16:26:25: 	Internal Server Error
info: Apr-22-2022 16:26:44: 	Internal Server Error
info: Apr-22-2022 16:26:55: 	Internal Server Error
info: Apr-22-2022 16:27:18: 	connection is live at port no. 5000
info: Apr-22-2022 16:27:18: 	connection successful
info: Apr-22-2022 16:33:37: 	connection is live at port no. 5000
info: Apr-22-2022 16:33:37: 	connection successful
info: Apr-22-2022 16:36:50: 	connection is live at port no. 5000
info: Apr-22-2022 16:36:50: 	connection successful
info: Apr-22-2022 16:38:10: 	connection is live at port no. 5000
info: Apr-22-2022 16:38:10: 	connection successful
info: Apr-22-2022 16:38:15: 	connection is live at port no. 5000
info: Apr-22-2022 16:38:15: 	connection successful
info: Apr-22-2022 16:38:29: 	Internal Server Error
info: Apr-22-2022 16:38:47: 	connection is live at port no. 5000
info: Apr-22-2022 16:38:47: 	connection successful
info: Apr-22-2022 16:39:04: 	Internal Server Error
info: Apr-22-2022 16:39:05: 	Internal Server Error
info: Apr-22-2022 16:39:23: 	Internal Server Error
info: Apr-22-2022 16:39:37: 	connection is live at port no. 5000
info: Apr-22-2022 16:39:37: 	connection successful
info: Apr-22-2022 16:39:40: 	Internal Server Error
info: Apr-22-2022 16:39:42: 	Internal Server Error
info: Apr-22-2022 16:39:42: 	Internal Server Error
info: Apr-22-2022 16:39:42: 	Internal Server Error
info: Apr-22-2022 16:39:42: 	Internal Server Error
info: Apr-22-2022 16:39:56: 	Internal Server Error
info: Apr-22-2022 16:40:03: 	connection is live at port no. 5000
info: Apr-22-2022 16:40:03: 	connection successful
info: Apr-22-2022 16:45:46: 	password is correct
info: Apr-22-2022 16:46:30: 	connection is live at port no. 5000
info: Apr-22-2022 16:46:30: 	connection successful
info: Apr-22-2022 16:47:43: 	connection is live at port no. 5000
info: Apr-22-2022 16:47:43: 	connection successful
info: Apr-22-2022 16:51:34: 	connection is live at port no. 5000
info: Apr-22-2022 16:51:34: 	connection successful
info: Apr-22-2022 16:51:43: 	connection is live at port no. 5000
info: Apr-22-2022 16:51:43: 	connection successful
info: Apr-22-2022 16:51:48: 	connection is live at port no. 5000
info: Apr-22-2022 16:51:48: 	connection successful
info: Apr-22-2022 16:52:36: 	connection is live at port no. 5000
info: Apr-22-2022 16:52:36: 	connection successful
info: Apr-22-2022 16:53:29: 	connection is live at port no. 5000
info: Apr-22-2022 16:53:29: 	connection successful
info: Apr-22-2022 16:54:04: 	connection is live at port no. 5000
info: Apr-22-2022 16:54:04: 	connection successful
info: Apr-22-2022 16:54:36: 	connection is live at port no. 5000
info: Apr-22-2022 16:54:36: 	connection successful
info: Apr-22-2022 16:55:11: 	connection is live at port no. 5000
info: Apr-22-2022 16:55:11: 	connection successful
info: Apr-22-2022 16:55:20: 	Internal Server Error
info: Apr-22-2022 16:57:10: 	connection is live at port no. 5000
info: Apr-22-2022 16:57:10: 	connection successful
info: Apr-22-2022 16:57:16: 	Internal Server Error
info: Apr-22-2022 16:57:57: 	Internal Server Error
info: Apr-22-2022 16:58:19: 	connection is live at port no. 5000
info: Apr-22-2022 16:58:19: 	connection successful
info: Apr-22-2022 17:06:45: 	connection is live at port no. 5000
info: Apr-22-2022 17:06:45: 	connection successful
info: Apr-22-2022 17:09:24: 	connection is live at port no. 5000
info: Apr-22-2022 17:09:24: 	connection successful
info: Apr-22-2022 17:10:05: 	connection is live at port no. 5000
info: Apr-22-2022 17:10:05: 	connection successful
info: Apr-22-2022 17:10:26: 	connection is live at port no. 5000
info: Apr-22-2022 17:10:26: 	connection successful
info: Apr-22-2022 17:10:34: 	connection is live at port no. 5000
info: Apr-22-2022 17:10:34: 	connection successful
info: Apr-22-2022 17:10:44: 	connection is live at port no. 5000
info: Apr-22-2022 17:10:44: 	connection successful
info: Apr-22-2022 17:11:57: 	connection is live at port no. 5000
info: Apr-22-2022 17:11:57: 	connection successful
info: Apr-22-2022 17:12:07: 	connection is live at port no. 5000
info: Apr-22-2022 17:12:07: 	connection successful
info: Apr-22-2022 17:12:13: 	connection is live at port no. 5000
info: Apr-22-2022 17:12:13: 	connection successful
info: Apr-22-2022 17:12:18: 	connection is live at port no. 5000
info: Apr-22-2022 17:12:18: 	connection successful
info: Apr-22-2022 17:13:11: 	connection is live at port no. 5000
info: Apr-22-2022 17:13:11: 	connection successful
info: Apr-22-2022 17:14:24: 	connection is live at port no. 5000
info: Apr-22-2022 17:14:24: 	connection successful
info: Apr-22-2022 17:14:35: 	connection is live at port no. 5000
info: Apr-22-2022 17:14:35: 	connection successful
info: Apr-22-2022 17:16:36: 	connection is live at port no. 5000
info: Apr-22-2022 17:16:36: 	connection successful
info: Apr-22-2022 17:33:48: 	connection is live at port no. 5000
info: Apr-22-2022 17:33:48: 	connection successful
info: Apr-22-2022 17:33:59: 	connection is live at port no. 5000
info: Apr-22-2022 17:33:59: 	connection successful
info: Apr-22-2022 17:40:14: 	connection is live at port no. 5000
info: Apr-22-2022 17:40:14: 	connection successful
info: Apr-22-2022 17:50:15: 	connection is live at port no. 5000
info: Apr-22-2022 17:50:15: 	connection successful
info: Apr-22-2022 17:53:31: 	connection is live at port no. 5000
info: Apr-22-2022 17:53:31: 	connection successful
info: Apr-22-2022 17:55:57: 	connection is live at port no. 5000
info: Apr-22-2022 17:55:57: 	connection successful
info: Apr-22-2022 17:57:09: 	connection is live at port no. 5000
info: Apr-22-2022 17:57:09: 	connection successful
info: Apr-22-2022 17:58:02: 	connection is live at port no. 5000
info: Apr-22-2022 17:58:02: 	connection successful
info: Apr-22-2022 18:05:04: 	connection is live at port no. 5000
info: Apr-22-2022 18:05:04: 	connection successful
info: Apr-22-2022 18:08:11: 	connection is live at port no. 5000
info: Apr-22-2022 18:08:11: 	connection successful
info: Apr-23-2022 10:16:40: 	connection is live at port no. 5000
info: Apr-23-2022 10:16:40: 	connection successful
info: Apr-23-2022 10:20:58: 	password is correct
info: Apr-23-2022 10:21:20: 	password is correct
info: Apr-23-2022 10:22:12: 	password is correct
info: Apr-23-2022 10:25:29: 	password is correct
info: Apr-23-2022 10:26:09: 	connection is live at port no. 5000
info: Apr-23-2022 10:26:09: 	connection successful
info: Apr-23-2022 10:26:25: 	password is correct
info: Apr-23-2022 10:26:42: 	Internal Server Error TypeError: alert is not a function
info: Apr-23-2022 10:27:42: 	password is correct
info: Apr-24-2022 20:06:05: 	connection is live at port no. 5000
info: Apr-24-2022 20:06:05: 	connection successful
info: Apr-25-2022 15:41:59: 	Internal Server Error
info: Apr-25-2022 15:42:01: 	Internal Server Error
info: Apr-25-2022 15:42:02: 	Internal Server Error
info: Apr-25-2022 15:42:02: 	Internal Server Error
info: Apr-25-2022 15:42:42: 	Internal Server Error
info: Apr-25-2022 15:42:43: 	Internal Server Error
info: Apr-25-2022 15:42:44: 	Internal Server Error
info: Apr-25-2022 15:42:44: 	Internal Server Error
info: Apr-25-2022 15:42:44: 	Internal Server Error
info: Apr-26-2022 09:41:28: 	connection is live at port no. 5000
info: Apr-26-2022 09:41:28: 	connection successful
info: Apr-26-2022 09:46:48: 	Server Sent A Hello World!
info: Apr-26-2022 09:47:26: 	Server Sent A Hello World!
info: Apr-26-2022 09:51:02: 	connection is live at port no. 5000
info: Apr-26-2022 09:51:02: 	connection successful
info: Apr-26-2022 09:51:15: 	connection is live at port no. 5000
info: Apr-26-2022 09:51:15: 	connection successful
info: Apr-26-2022 09:51:36: 	Server Sent A Hello World!
info: Apr-26-2022 09:51:54: 	connection is live at port no. 5000
info: Apr-26-2022 09:51:54: 	connection successful
info: Apr-26-2022 09:52:04: 	Server Sent A Hello World!
info: Apr-26-2022 09:52:20: 	Server Sent A Hello World!
info: Apr-26-2022 09:52:36: 	Server Sent A Hello World!
info: Apr-26-2022 09:52:48: 	Server Sent A Hello World!
info: Apr-26-2022 09:52:58: 	Server Sent A Hello World!
info: Apr-26-2022 09:54:09: 	Server Sent A Hello World!
info: Apr-26-2022 09:54:38: 	connection is live at port no. 5000
info: Apr-26-2022 09:54:38: 	connection successful
info: Apr-26-2022 09:54:46: 	Server Sent A Hello World!
info: Apr-26-2022 12:25:16: 	Server Sent A Hello World!
info: Apr-26-2022 13:23:37: 	connection is live at port no. 5000
info: Apr-26-2022 13:23:37: 	connection successful
info: Apr-26-2022 13:23:59: 	connection is live at port no. 5000
info: Apr-26-2022 13:23:59: 	connection successful
info: Apr-26-2022 15:02:46: 	connection is live at port no. 5000
info: Apr-26-2022 15:02:46: 	connection successful
info: Apr-26-2022 15:02:48: 	connection is live at port no. 5000
info: Apr-26-2022 15:02:48: 	connection successful
info: Apr-26-2022 15:02:50: 	connection is live at port no. 5000
info: Apr-26-2022 15:02:50: 	connection successful
info: Apr-26-2022 15:03:06: 	connection is live at port no. 5000
info: Apr-26-2022 15:03:06: 	connection successful
info: Apr-26-2022 15:04:18: 	connection is live at port no. 5000
info: Apr-26-2022 15:04:18: 	connection successful
info: Apr-26-2022 15:04:46: 	connection is live at port no. 5000
info: Apr-26-2022 15:04:46: 	connection successful
info: Apr-26-2022 15:09:52: 	connection is live at port no. 5000
info: Apr-26-2022 15:09:52: 	connection successful
info: Apr-27-2022 12:18:24: 	connection is live at port no. 5000
info: Apr-27-2022 12:18:24: 	connection successful
info: Apr-27-2022 12:41:09: 	Server Sent A Hello World!
info: Apr-27-2022 12:41:22: 	Server Sent A Hello World!
info: Apr-27-2022 12:41:55: 	password is correct
